----------

Fri Jun 12 2026 14:57:19 GMT+0000 (Greenwich Mean Time)

warning: in the working copy of 'docs/assets/bootstrap/css/bootstrap.min.css', LF will be replaced by CRLF the next time Git touches it


----------

Fri Jun 12 2026 14:57:19 GMT+0000 (Greenwich Mean Time)

warning: in the working copy of 'docs/assets/bootstrap/js/bootstrap.min.js', LF will be replaced by CRLF the next time Git touches it


----------

Fri Jun 12 2026 14:57:19 GMT+0000 (Greenwich Mean Time)

warning: in the working copy of 'docs/assets/fonts/font-awesome.min.css', LF will be replaced by CRLF the next time Git touches it


----------

Fri Jun 12 2026 14:57:19 GMT+0000 (Greenwich Mean Time)

warning: in the working copy of 'docs/assets/fonts/fontawesome-webfont.svg', LF will be replaced by CRLF the next time Git touches it


----------

Fri Jun 12 2026 14:57:19 GMT+0000 (Greenwich Mean Time)

warning: in the working copy of 'docs/assets/img/favicons/drawing.svg', LF will be replaced by CRLF the next time Git touches it


----------

Fri Jun 12 2026 14:57:19 GMT+0000 (Greenwich Mean Time)

warning: in the working copy of 'docs/index.html', LF will be replaced by CRLF the next time Git touches it


----------

Fri Jun 12 2026 14:57:19 GMT+0000 (Greenwich Mean Time)

warning: in the working copy of 'docs/sitemap.xml', LF will be replaced by CRLF the next time Git touches it


----------

Fri Jun 12 2026 14:57:29 GMT+0000 (Greenwich Mean Time)

To https://github.com/timsupply/timsupply.github.io.git
   5ecf9c9..415992c  main -> main


----------

Fri Jun 12 2026 15:00:13 GMT+0000 (Greenwich Mean Time)

warning: in the working copy of 'docs/assets/bootstrap/css/bootstrap.min.css', LF will be replaced by CRLF the next time Git touches it


----------

Fri Jun 12 2026 15:00:13 GMT+0000 (Greenwich Mean Time)

warning: in the working copy of 'docs/assets/bootstrap/js/bootstrap.min.js', LF will be replaced by CRLF the next time Git touches it


----------

Fri Jun 12 2026 15:00:13 GMT+0000 (Greenwich Mean Time)

warning: in the working copy of 'docs/assets/fonts/font-awesome.min.css', LF will be replaced by CRLF the next time Git touches it


----------

Fri Jun 12 2026 15:00:13 GMT+0000 (Greenwich Mean Time)

warning: in the working copy of 'docs/assets/fonts/fontawesome-webfont.svg', LF will be replaced by CRLF the next time Git touches it


----------

Fri Jun 12 2026 15:00:13 GMT+0000 (Greenwich Mean Time)

warning: in the working copy of 'docs/assets/img/favicons/drawing.svg', LF will be replaced by CRLF the next time Git touches it


----------

Fri Jun 12 2026 15:00:13 GMT+0000 (Greenwich Mean Time)

warning: in the working copy of 'docs/index.html', LF will be replaced by CRLF the next time Git touches it


----------

Fri Jun 12 2026 15:00:13 GMT+0000 (Greenwich Mean Time)

warning: in the working copy of 'docs/sitemap.xml', LF will be replaced by CRLF the next time Git touches it


----------

Fri Jun 12 2026 15:00:13 GMT+0000 (Greenwich Mean Time)

warning: in the working copy of 'docs/error.log', LF will be replaced by CRLF the next time Git touches it


----------

Fri Jun 12 2026 15:00:17 GMT+0000 (Greenwich Mean Time)

To https://github.com/timsupply/timsupply.github.io.git
   415992c..697a0a7  main -> main


